# JRE version: OpenJDK Runtime Environment (14.0.1+7) (build 14.0.1+7)
# Java VM: OpenJDK 64-Bit Server VM (14.0.1+7, mixed mode, sharing, tiered, compressed oops, g1 gc, windows-amd64)
Heap:
 garbage-first heap   total 159744K, used 7558K [0x0000000700800000, 0x0000000800000000)
  region size 1024K, 1 young (1024K), 1 survivors (1024K)
 Metaspace       used 8854K, capacity 9097K, committed 9216K, reserved 1058816K
  class space    used 563K, capacity 657K, committed 768K, reserved 1048576K
GC Heap History (20 events):
Event: 444.555 GC heap after
{Heap after GC invocations=16825 (full 0):
 garbage-first heap   total 34816K, used 5474K [0x0000000700800000, 0x0000000800000000)
  region size 1024K, 1 young (1024K), 1 survivors (1024K)
 Metaspace       used 8854K, capacity 9097K, committed 9216K, reserved 1058816K
  class space    used 563K, capacity 657K, committed 768K, reserved 1048576K
}
Event: 444.568 GC heap before
{Heap before GC invocations=16826 (full 0):
 garbage-first heap   total 34816K, used 8546K [0x0000000700800000, 0x0000000800000000)
  region size 1024K, 3 young (3072K), 1 survivors (1024K)
 Metaspace       used 8854K, capacity 9097K, committed 9216K, reserved 1058816K
  class space    used 563K, capacity 657K, committed 768K, reserved 1048576K
}
Event: 444.569 GC heap after
{Heap after GC invocations=16827 (full 0):
 garbage-first heap   total 34816K, used 7498K [0x0000000700800000, 0x0000000800000000)
  region size 1024K, 1 young (1024K), 1 survivors (1024K)
 Metaspace       used 8854K, capacity 9097K, committed 9216K, reserved 1058816K
  class space    used 563K, capacity 657K, committed 768K, reserved 1048576K
}
Event: 444.583 GC heap before
{Heap before GC invocations=16828 (full 0):
 garbage-first heap   total 34816K, used 11594K [0x0000000700800000, 0x0000000800000000)
  region size 1024K, 2 young (2048K), 1 survivors (1024K)
 Metaspace       used 8854K, capacity 9097K, committed 9216K, reserved 1058816K
  class space    used 563K, capacity 657K, committed 768K, reserved 1048576K
}
Event: 444.584 GC heap after
{Heap after GC invocations=16829 (full 0):
 garbage-first heap   total 34816K, used 5478K [0x0000000700800000, 0x0000000800000000)
  region size 1024K, 1 young (1024K), 1 survivors (1024K)
 Metaspace       used 8854K, capacity 9097K, committed 9216K, reserved 1058816K
  class space    used 563K, capacity 657K, committed 768K, reserved 1048576K
}
Event: 444.602 GC heap before
{Heap before GC invocations=16830 (full 0):
 garbage-first heap   total 34816K, used 10598K [0x0000000700800000, 0x0000000800000000)
  region size 1024K, 3 young (3072K), 1 survivors (1024K)
 Metaspace       used 8854K, capacity 9097K, committed 9216K, reserved 1058816K
  class space    used 563K, capacity 657K, committed 768K, reserved 1048576K
}
Event: 444.602 GC heap after
{Heap after GC invocations=16831 (full 0):
 garbage-first heap   total 34816K, used 7498K [0x0000000700800000, 0x0000000800000000)
  region size 1024K, 1 young (1024K), 1 survivors (1024K)
 Metaspace       used 8854K, capacity 9097K, committed 9216K, reserved 1058816K
  class space    used 563K, capacity 657K, committed 768K, reserved 1048576K
}
Event: 444.622 GC heap before
{Heap before GC invocations=16832 (full 0):
 garbage-first heap   total 34816K, used 12618K [0x0000000700800000, 0x0000000800000000)
  region size 1024K, 3 young (3072K), 1 survivors (1024K)
 Metaspace       used 8854K, capacity 9097K, committed 9216K, reserved 1058816K
  class space    used 563K, capacity 657K, committed 768K, reserved 1048576K
}
Event: 444.623 GC heap after
{Heap after GC invocations=16833 (full 0):
 garbage-first heap   total 34816K, used 7503K [0x0000000700800000, 0x0000000800000000)
  region size 1024K, 1 young (1024K), 1 survivors (1024K)
 Metaspace       used 8854K, capacity 9097K, committed 9216K, reserved 1058816K
  class space    used 563K, capacity 657K, committed 768K, reserved 1048576K
}
Event: 444.637 GC heap before
{Heap before GC invocations=16834 (full 0):
 garbage-first heap   total 34816K, used 11599K [0x0000000700800000, 0x0000000800000000)
  region size 1024K, 2 young (2048K), 1 survivors (1024K)
 Metaspace       used 8854K, capacity 9097K, committed 9216K, reserved 1058816K
  class space    used 563K, capacity 657K, committed 768K, reserved 1048576K
}
Event: 444.637 GC heap after
{Heap after GC invocations=16835 (full 0):
 garbage-first heap   total 34816K, used 5487K [0x0000000700800000, 0x0000000800000000)
  region size 1024K, 1 young (1024K), 1 survivors (1024K)
 Metaspace       used 8854K, capacity 9097K, committed 9216K, reserved 1058816K
  class space    used 563K, capacity 657K, committed 768K, reserved 1048576K
}
Event: 444.653 GC heap before
{Heap before GC invocations=16836 (full 0):
 garbage-first heap   total 34816K, used 10607K [0x0000000700800000, 0x0000000800000000)
  region size 1024K, 3 young (3072K), 1 survivors (1024K)
 Metaspace       used 8854K, capacity 9097K, committed 9216K, reserved 1058816K
  class space    used 563K, capacity 657K, committed 768K, reserved 1048576K
}
Event: 444.655 GC heap after
{Heap after GC invocations=16837 (full 0):
 garbage-first heap   total 148480K, used 7507K [0x0000000700800000, 0x0000000800000000)
  region size 1024K, 1 young (1024K), 1 survivors (1024K)
 Metaspace       used 8854K, capacity 9097K, committed 9216K, reserved 1058816K
  class space    used 563K, capacity 657K, committed 768K, reserved 1048576K
}
Event: 444.676 GC heap before
{Heap before GC invocations=16838 (full 0):
 garbage-first heap   total 45056K, used 12627K [0x0000000700800000, 0x0000000800000000)
  region size 1024K, 3 young (3072K), 1 survivors (1024K)
 Metaspace       used 8854K, capacity 9097K, committed 9216K, reserved 1058816K
  class space    used 563K, capacity 657K, committed 768K, reserved 1048576K
}
Event: 444.676 GC heap after
{Heap after GC invocations=16839 (full 0):
 garbage-first heap   total 45056K, used 7512K [0x0000000700800000, 0x0000000800000000)
  region size 1024K, 1 young (1024K), 1 survivors (1024K)
 Metaspace       used 8854K, capacity 9097K, committed 9216K, reserved 1058816K
  class space    used 563K, capacity 657K, committed 768K, reserved 1048576K
}
Event: 444.693 GC heap before
{Heap before GC invocations=16840 (full 0):
 garbage-first heap   total 45056K, used 11608K [0x0000000700800000, 0x0000000800000000)
  region size 1024K, 2 young (2048K), 1 survivors (1024K)
 Metaspace       used 8854K, capacity 9097K, committed 9216K, reserved 1058816K
  class space    used 563K, capacity 657K, committed 768K, reserved 1048576K
}
Event: 444.694 GC heap after
{Heap after GC invocations=16841 (full 0):
 garbage-first heap   total 45056K, used 5495K [0x0000000700800000, 0x0000000800000000)
  region size 1024K, 1 young (1024K), 1 survivors (1024K)
 Metaspace       used 8854K, capacity 9097K, committed 9216K, reserved 1058816K
  class space    used 563K, capacity 657K, committed 768K, reserved 1048576K
}
Event: 444.888 GC heap before
{Heap before GC invocations=16842 (full 0):
 garbage-first heap   total 55296K, used 51575K [0x0000000700800000, 0x0000000800000000)
  region size 1024K, 8 young (8192K), 1 survivors (1024K)
 Metaspace       used 8854K, capacity 9097K, committed 9216K, reserved 1058816K
  class space    used 563K, capacity 657K, committed 768K, reserved 1048576K
}
Event: 444.889 GC heap after
{Heap after GC invocations=16843 (full 0):
 garbage-first heap   total 57344K, used 7557K [0x0000000700800000, 0x0000000800000000)
  region size 1024K, 1 young (1024K), 1 survivors (1024K)
 Metaspace       used 8854K, capacity 9097K, committed 9216K, reserved 1058816K
  class space    used 563K, capacity 657K, committed 768K, reserved 1048576K
}
Event: 444.945 GC heap before
{Heap before GC invocations=16843 (full 0):
 garbage-first heap   total 57344K, used 14725K [0x0000000700800000, 0x0000000800000000)
  region size 1024K, 2 young (2048K), 1 survivors (1024K)
 Metaspace       used 8854K, capacity 9097K, committed 9216K, reserved 1058816K
  class space    used 563K, capacity 657K, committed 768K, reserved 1048576K
}

